<?xml version="1.0" encoding="UTF-8"?>
<Site BuildName="(empty)"
	BuildStamp="20240712-0926-Experimental"
	Name="orinnx"
	Generator="ctest-3.16.3"
	CompilerName="/usr/bin/c++"
	CompilerVersion="9.4.0"
	OSName="Linux"
	Hostname="orinnx"
	OSRelease="5.10.104-tegra"
	OSVersion="#1 SMP PREEMPT Sun Mar 19 07:55:28 PDT 2023"
	OSPlatform="aarch64"
	Is64Bits="1"
	VendorString=""
	VendorID="Unknown Manufacturer"
	FamilyID="8"
	ModelID="0"
	ProcessorCacheSize="0"
	NumberOfLogicalCPU="6"
	NumberOfPhysicalCPU="1"
	TotalVirtualMemory="3668"
	TotalPhysicalMemory="7336"
	LogicalProcessorsPerPhysical="6"
	ProcessorClockFrequency="0"
	>
	<Testing>
		<StartDateTime>Jul 12 17:26 CST</StartDateTime>
		<StartTestTime>1720776397</StartTestTime>
		<TestList/>
		<EndDateTime>Jul 12 17:26 CST</EndDateTime>
		<EndTestTime>1720776397</EndTestTime>
		<ElapsedMinutes>0</ElapsedMinutes>
	</Testing>
</Site>
